<?xml version="1.0" encoding="UTF-8"?>
<!-- Generated by org.testng.reporters.JUnitReportReporter -->
<testsuite hostname="prabhaasus" failures="0" tests="63" name="runner.TestNGRunner" time="609.701" errors="0" timestamp="13 Mar 2024 16:42:20 GMT" skipped="0">
  <testcase classname="runner.TestNGRunner" name="runScenario" time="11.350"/>
  <testcase classname="runner.TestNGRunner" name="runScenario" time="8.458"/>
  <testcase classname="runner.TestNGRunner" name="runScenario" time="10.747"/>
  <testcase classname="runner.TestNGRunner" name="runScenario" time="7.227"/>
  <testcase classname="runner.TestNGRunner" name="runScenario" time="12.358"/>
  <testcase classname="runner.TestNGRunner" name="runScenario" time="9.823"/>
  <testcase classname="runner.TestNGRunner" name="runScenario" time="10.406"/>
  <testcase classname="runner.TestNGRunner" name="runScenario" time="10.087"/>
  <testcase classname="runner.TestNGRunner" name="runScenario" time="8.333"/>
  <testcase classname="runner.TestNGRunner" name="runScenario" time="8.330"/>
  <testcase classname="runner.TestNGRunner" name="runScenario" time="6.562"/>
  <testcase classname="runner.TestNGRunner" name="runScenario" time="6.536"/>
  <testcase classname="runner.TestNGRunner" name="runScenario" time="8.468"/>
  <testcase classname="runner.TestNGRunner" name="runScenario" time="10.105"/>
  <testcase classname="runner.TestNGRunner" name="runScenario" time="9.079"/>
  <testcase classname="runner.TestNGRunner" name="runScenario" time="9.449"/>
  <testcase classname="runner.TestNGRunner" name="runScenario" time="10.246"/>
  <testcase classname="runner.TestNGRunner" name="runScenario" time="12.449"/>
  <testcase classname="runner.TestNGRunner" name="runScenario" time="9.492"/>
  <testcase classname="runner.TestNGRunner" name="runScenario" time="4.899"/>
  <testcase classname="runner.TestNGRunner" name="runScenario" time="9.411"/>
  <testcase classname="runner.TestNGRunner" name="runScenario" time="9.339"/>
  <testcase classname="runner.TestNGRunner" name="runScenario" time="10.829"/>
  <testcase classname="runner.TestNGRunner" name="runScenario" time="12.757"/>
  <testcase classname="runner.TestNGRunner" name="runScenario" time="11.687"/>
  <testcase classname="runner.TestNGRunner" name="runScenario" time="10.733"/>
  <testcase classname="runner.TestNGRunner" name="runScenario" time="10.297"/>
  <testcase classname="runner.TestNGRunner" name="runScenario" time="15.195"/>
  <testcase classname="runner.TestNGRunner" name="runScenario" time="10.531"/>
  <testcase classname="runner.TestNGRunner" name="runScenario" time="11.371"/>
  <testcase classname="runner.TestNGRunner" name="runScenario" time="10.613"/>
  <testcase classname="runner.TestNGRunner" name="runScenario" time="11.921"/>
  <testcase classname="runner.TestNGRunner" name="runScenario" time="7.346"/>
  <testcase classname="runner.TestNGRunner" name="runScenario" time="8.416"/>
  <testcase classname="runner.TestNGRunner" name="runScenario" time="9.303"/>
  <testcase classname="runner.TestNGRunner" name="runScenario" time="11.187"/>
  <testcase classname="runner.TestNGRunner" name="runScenario" time="9.415"/>
  <testcase classname="runner.TestNGRunner" name="runScenario" time="8.903"/>
  <testcase classname="runner.TestNGRunner" name="runScenario" time="9.173"/>
  <testcase classname="runner.TestNGRunner" name="runScenario" time="7.786"/>
  <testcase classname="runner.TestNGRunner" name="runScenario" time="12.167"/>
  <testcase classname="runner.TestNGRunner" name="runScenario" time="12.174"/>
  <testcase classname="runner.TestNGRunner" name="runScenario" time="9.880"/>
  <testcase classname="runner.TestNGRunner" name="runScenario" time="8.465"/>
  <testcase classname="runner.TestNGRunner" name="runScenario" time="9.603"/>
  <testcase classname="runner.TestNGRunner" name="runScenario" time="16.725"/>
  <testcase classname="runner.TestNGRunner" name="runScenario" time="8.456"/>
  <testcase classname="runner.TestNGRunner" name="runScenario" time="8.279"/>
  <testcase classname="runner.TestNGRunner" name="runScenario" time="9.823"/>
  <testcase classname="runner.TestNGRunner" name="runScenario" time="9.119"/>
  <testcase classname="runner.TestNGRunner" name="runScenario" time="7.226"/>
  <testcase classname="runner.TestNGRunner" name="runScenario" time="6.257"/>
  <testcase classname="runner.TestNGRunner" name="runScenario" time="11.716"/>
  <testcase classname="runner.TestNGRunner" name="runScenario" time="7.770"/>
  <testcase classname="runner.TestNGRunner" name="runScenario" time="9.083"/>
  <testcase classname="runner.TestNGRunner" name="runScenario" time="8.020"/>
  <testcase classname="runner.TestNGRunner" name="runScenario" time="8.620"/>
  <testcase classname="runner.TestNGRunner" name="runScenario" time="8.177"/>
  <testcase classname="runner.TestNGRunner" name="runScenario" time="9.708"/>
  <testcase classname="runner.TestNGRunner" name="runScenario" time="9.034"/>
  <testcase classname="runner.TestNGRunner" name="runScenario" time="7.180"/>
  <testcase classname="runner.TestNGRunner" name="runScenario" time="10.021"/>
  <testcase classname="runner.TestNGRunner" name="runScenario" time="11.581"/>
</testsuite> <!-- runner.TestNGRunner -->
