<?xml version="1.0" encoding="UTF-8"?>
<!-- Generated by org.testng.reporters.JUnitReportReporter -->
<testsuite hostname="prabhaasus" failures="0" tests="63" name="runner.TestNGRunner" time="599.029" errors="0" timestamp="18 Mar 2024 23:57:45 GMT" skipped="0">
  <testcase classname="runner.TestNGRunner" name="runScenario" time="11.199"/>
  <testcase classname="runner.TestNGRunner" name="runScenario" time="8.131"/>
  <testcase classname="runner.TestNGRunner" name="runScenario" time="7.540"/>
  <testcase classname="runner.TestNGRunner" name="runScenario" time="10.108"/>
  <testcase classname="runner.TestNGRunner" name="runScenario" time="9.431"/>
  <testcase classname="runner.TestNGRunner" name="runScenario" time="12.905"/>
  <testcase classname="runner.TestNGRunner" name="runScenario" time="11.509"/>
  <testcase classname="runner.TestNGRunner" name="runScenario" time="5.430"/>
  <testcase classname="runner.TestNGRunner" name="runScenario" time="8.229"/>
  <testcase classname="runner.TestNGRunner" name="runScenario" time="8.507"/>
  <testcase classname="runner.TestNGRunner" name="runScenario" time="9.360"/>
  <testcase classname="runner.TestNGRunner" name="runScenario" time="10.190"/>
  <testcase classname="runner.TestNGRunner" name="runScenario" time="15.722"/>
  <testcase classname="runner.TestNGRunner" name="runScenario" time="10.281"/>
  <testcase classname="runner.TestNGRunner" name="runScenario" time="16.234"/>
  <testcase classname="runner.TestNGRunner" name="runScenario" time="7.072"/>
  <testcase classname="runner.TestNGRunner" name="runScenario" time="6.353"/>
  <testcase classname="runner.TestNGRunner" name="runScenario" time="8.541"/>
  <testcase classname="runner.TestNGRunner" name="runScenario" time="10.273"/>
  <testcase classname="runner.TestNGRunner" name="runScenario" time="10.189"/>
  <testcase classname="runner.TestNGRunner" name="runScenario" time="9.044"/>
  <testcase classname="runner.TestNGRunner" name="runScenario" time="9.359"/>
  <testcase classname="runner.TestNGRunner" name="runScenario" time="12.463"/>
  <testcase classname="runner.TestNGRunner" name="runScenario" time="8.205"/>
  <testcase classname="runner.TestNGRunner" name="runScenario" time="7.793"/>
  <testcase classname="runner.TestNGRunner" name="runScenario" time="7.747"/>
  <testcase classname="runner.TestNGRunner" name="runScenario" time="12.920"/>
  <testcase classname="runner.TestNGRunner" name="runScenario" time="8.168"/>
  <testcase classname="runner.TestNGRunner" name="runScenario" time="8.675"/>
  <testcase classname="runner.TestNGRunner" name="runScenario" time="9.044"/>
  <testcase classname="runner.TestNGRunner" name="runScenario" time="9.233"/>
  <testcase classname="runner.TestNGRunner" name="runScenario" time="7.226"/>
  <testcase classname="runner.TestNGRunner" name="runScenario" time="9.121"/>
  <testcase classname="runner.TestNGRunner" name="runScenario" time="8.982"/>
  <testcase classname="runner.TestNGRunner" name="runScenario" time="10.334"/>
  <testcase classname="runner.TestNGRunner" name="runScenario" time="15.291"/>
  <testcase classname="runner.TestNGRunner" name="runScenario" time="7.895"/>
  <testcase classname="runner.TestNGRunner" name="runScenario" time="5.938"/>
  <testcase classname="runner.TestNGRunner" name="runScenario" time="9.941"/>
  <testcase classname="runner.TestNGRunner" name="runScenario" time="9.518"/>
  <testcase classname="runner.TestNGRunner" name="runScenario" time="10.804"/>
  <testcase classname="runner.TestNGRunner" name="runScenario" time="11.844"/>
  <testcase classname="runner.TestNGRunner" name="runScenario" time="9.773"/>
  <testcase classname="runner.TestNGRunner" name="runScenario" time="8.764"/>
  <testcase classname="runner.TestNGRunner" name="runScenario" time="11.149"/>
  <testcase classname="runner.TestNGRunner" name="runScenario" time="5.949"/>
  <testcase classname="runner.TestNGRunner" name="runScenario" time="8.971"/>
  <testcase classname="runner.TestNGRunner" name="runScenario" time="7.153"/>
  <testcase classname="runner.TestNGRunner" name="runScenario" time="8.076"/>
  <testcase classname="runner.TestNGRunner" name="runScenario" time="6.763"/>
  <testcase classname="runner.TestNGRunner" name="runScenario" time="10.327"/>
  <testcase classname="runner.TestNGRunner" name="runScenario" time="9.201"/>
  <testcase classname="runner.TestNGRunner" name="runScenario" time="10.170"/>
  <testcase classname="runner.TestNGRunner" name="runScenario" time="9.241"/>
  <testcase classname="runner.TestNGRunner" name="runScenario" time="9.841"/>
  <testcase classname="runner.TestNGRunner" name="runScenario" time="9.267"/>
  <testcase classname="runner.TestNGRunner" name="runScenario" time="10.628"/>
  <testcase classname="runner.TestNGRunner" name="runScenario" time="8.687"/>
  <testcase classname="runner.TestNGRunner" name="runScenario" time="9.929"/>
  <testcase classname="runner.TestNGRunner" name="runScenario" time="8.138"/>
  <testcase classname="runner.TestNGRunner" name="runScenario" time="10.937"/>
  <testcase classname="runner.TestNGRunner" name="runScenario" time="9.071"/>
  <testcase classname="runner.TestNGRunner" name="runScenario" time="10.245"/>
</testsuite> <!-- runner.TestNGRunner -->
